[INFO] Scanning for projects...
[INFO] 
[INFO] ----------------------< org.mal-lang:examplelang >----------------------
[INFO] Building exampleLang 1.0.0
[INFO]   from pom.xml
[INFO] --------------------------------[ jar ]---------------------------------
[INFO] 
[INFO] --- clean:3.1.0:clean (default-clean) @ examplelang ---
[INFO] Deleting /Users/danielbraun/mal/dnbrn/exampleLang/target
[INFO] 
[INFO] --- resources:3.2.0:resources (default-resources) @ examplelang ---
[INFO] Using 'UTF-8' encoding to copy filtered resources.
[INFO] Using 'UTF-8' encoding to copy filtered properties files.
[INFO] Copying 0 resource
[INFO] Copying 2 resources to META-INF
[INFO] 
[INFO] --- compiler:3.9.0:compile (default-compile) @ examplelang ---
[INFO] No sources to compile
[INFO] 
[INFO] --- mal:0.1.0-SNAPSHOT:reference (generate-test-code) @ examplelang ---
[INFO] Compiling MAL specification /Users/danielbraun/mal/dnbrn/exampleLang/src/main/mal/exampleLang.mal
[INFO] Adding test compile source root /Users/danielbraun/mal/dnbrn/exampleLang/target/generated-test-sources
[INFO] Adding test resource /Users/danielbraun/mal/dnbrn/exampleLang/target/generated-test-sources/attackerProfile.ttc
[INFO] 
[INFO] --- resources:3.2.0:testResources (default-testResources) @ examplelang ---
[INFO] Using 'UTF-8' encoding to copy filtered resources.
[INFO] Using 'UTF-8' encoding to copy filtered properties files.
[INFO] skip non existing resourceDirectory /Users/danielbraun/mal/dnbrn/exampleLang/src/test/resources
[INFO] Copying 1 resource
[INFO] 
[INFO] --- compiler:3.9.0:testCompile (default-testCompile) @ examplelang ---
[INFO] Changes detected - recompiling the module!
[INFO] Compiling 18 source files to /Users/danielbraun/mal/dnbrn/exampleLang/target/test-classes
[WARNING] /Users/danielbraun/mal/dnbrn/exampleLang/target/generated-test-sources/core/coverage/CoverageExtension.java:[118,55] [rawtypes] found raw type: Class
  missing type arguments for generic class Class<T>
  where T is a type-variable:
    T extends Object declared in class Class
[WARNING] /Users/danielbraun/mal/dnbrn/exampleLang/target/generated-test-sources/core/coverage/CoverageExtension.java:[130,51] [rawtypes] found raw type: Class
  missing type arguments for generic class Class<T>
  where T is a type-variable:
    T extends Object declared in class Class
[INFO] 
[INFO] --- surefire:3.0.0-M5:test (default-test) @ examplelang ---
[INFO] 
[INFO] -------------------------------------------------------
[INFO]  T E S T S
[INFO] -------------------------------------------------------
[INFO] Running org.mal_lang.examplelang.test.TestPhishing
+ server.access was reached in 10.0 days, as expected.
+ server.access was reached instantaneously as expected.
[INFO] Tests run: 2, Failures: 0, Errors: 0, Skipped: 0, Time elapsed: 0.027 s - in org.mal_lang.examplelang.test.TestPhishing
[INFO] Running org.mal_lang.examplelang.test.TestExampleLang
+ server.access was not reached, as expected.
+ server.access was reached instantaneously as expected.
+ server.access was reached instantaneously as expected.
+ server.access was not reached, as expected.
[INFO] Tests run: 4, Failures: 0, Errors: 0, Skipped: 0, Time elapsed: 0.01 s - in org.mal_lang.examplelang.test.TestExampleLang
[INFO] Running org.mal_lang.examplelang.test.TestGetPassword
+ server.access was reached instantaneously as expected.
+ server.access was reached instantaneously as expected.
+ server.access was not reached, as expected.
+ server.access was reached instantaneously as expected.
[INFO] Tests run: 4, Failures: 0, Errors: 0, Skipped: 0, Time elapsed: 0.005 s - in org.mal_lang.examplelang.test.TestGetPassword
[INFO] Running org.mal_lang.examplelang.test.TestSeparateExport
###################################
##        Test Coverage          ##
###################################
Test: TestSeparateExport::testDefDisable()
	  Partial Asset [2/3] 0,666667
	     Full Asset [1/3] 0,333333
	   Attack Steps [6/8] 0,750000
	          Edges [6/9] 0,666667

Test: TestSeparateExport::testDefEnabled()
	  Partial Asset [1/3] 0,333333
	     Full Asset [0/3] 0,000000
	   Attack Steps [1/8] 0,125000
	          Edges [2/9] 0,222222

###################################
##      Simulation Group         ##
###################################
Tests: [TestSeparateExport::testDefDisable(), TestSeparateExport::testDefEnabled()]
	  Partial Asset [2/3] 0,666667
	     Full Asset [1/3] 0,333333
	   Attack Steps [6/8] 0,750000
	          Edges [6/9] 0,666667
	 Defense states [2/(1 * 2^1)] 1

###################################
##       Model Coverage          ##
###################################
Model 1
Tests: [TestSeparateExport::testDefDisable(), TestSeparateExport::testDefEnabled()]
	  Partial Asset [2/3] 0,666667
	     Full Asset [1/3] 0,333333
	   Attack Steps [6/8] 0,750000
	          Edges [6/9] 0,666667
	 Defense states [2/(1 * 2^1)] 1
[INFO] Tests run: 2, Failures: 0, Errors: 0, Skipped: 0, Time elapsed: 0.011 s - in org.mal_lang.examplelang.test.TestSeparateExport
[INFO] 
[INFO] Results:
[INFO] 
[INFO] Tests run: 12, Failures: 0, Errors: 0, Skipped: 0
[INFO] 
[INFO] ------------------------------------------------------------------------
[INFO] BUILD SUCCESS
[INFO] ------------------------------------------------------------------------
[INFO] Total time:  1.556 s
[INFO] Finished at: 2025-04-14T20:44:43+02:00
[INFO] ------------------------------------------------------------------------
